<?xml version="1.0" encoding="UTF-8"?>
<testsuites name="jest tests" tests="80" failures="0" time="30.823">
  <testsuite name="Unit service" errors="0" failures="0" skipped="0" timestamp="2020-07-10T13:51:20" time="4.811"
             tests="5">
    <testcase classname="Unit service should return units" name="Unit service should return units" time="0.01">
    </testcase>
    <testcase classname="Unit service should return empty if no bad units"
              name="Unit service should return empty if no bad units" time="0.006">
    </testcase>
    <testcase classname="Unit service should return empty if no bad units"
              name="Unit service should return empty if no bad units" time="0.002">
    </testcase>
    <testcase classname="Unit service should return count bad units" name="Unit service should return count bad units"
              time="0.003">
    </testcase>
    <testcase classname="Unit service FixBadUnit() should call save functions with good parameters"
              name="Unit service FixBadUnit() should call save functions with good parameters" time="0.063">
    </testcase>
  </testsuite>
  <testsuite name="Report service" errors="0" failures="0" skipped="0" timestamp="2020-07-10T13:51:20" time="19.518"
             tests="4">
    <testcase classname="Report service Report should write report to db"
              name="Report service Report should write report to db" time="0.11">
    </testcase>
    <testcase classname="Report service Report should count the report if it is same"
              name="Report service Report should count the report if it is same" time="0.021">
    </testcase>
    <testcase classname="Report service Report should create different report if it is different"
              name="Report service Report should create different report if it is different" time="0.03">
    </testcase>
    <testcase classname="Report service Read reports should read all inserted reports"
              name="Report service Read reports should read all inserted reports" time="0.017">
    </testcase>
  </testsuite>
  <testsuite name="User service" errors="0" failures="0" skipped="0" timestamp="2020-07-10T13:51:20" time="20.461"
             tests="4">
    <testcase classname="User service should create" name="User service should create" time="0.003">
    </testcase>
    <testcase classname="User service Change role should throw if no user with sub"
              name="User service Change role should throw if no user with sub" time="0.001">
    </testcase>
    <testcase classname="User service Change role should apply new role to item role"
              name="User service Change role should apply new role to item role" time="0.002">
    </testcase>
    <testcase classname="User service Change role should call save function"
              name="User service Change role should call save function" time="0.003">
    </testcase>
  </testsuite>
  <testsuite name="Shopping list service" errors="0" failures="0" skipped="0" timestamp="2020-07-10T13:51:40"
             time="2.804" tests="3">
    <testcase classname="Shopping list service final mealings to ingredient list Simple add ingredients"
              name="Shopping list service final mealings to ingredient list Simple add ingredients" time="0.005">
    </testcase>
    <testcase
            classname="Shopping list service final mealings to ingredient list Scale ingredients from recipe food to mealing"
            name="Shopping list service final mealings to ingredient list Scale ingredients from recipe food to mealing"
            time="0.001">
    </testcase>
    <testcase classname="Shopping list service Get dates from now to x"
              name="Shopping list service Get dates from now to x" time="0.002">
    </testcase>
  </testsuite>
  <testsuite name="Shopping list service" errors="0" failures="0" skipped="0" timestamp="2020-07-10T13:51:40"
             time="4.372" tests="3">
    <testcase classname="Shopping list service final mealings to ingredient list Simple add ingredients"
              name="Shopping list service final mealings to ingredient list Simple add ingredients" time="0.005">
    </testcase>
    <testcase
            classname="Shopping list service final mealings to ingredient list Scale ingredients from recipe food to mealing"
            name="Shopping list service final mealings to ingredient list Scale ingredients from recipe food to mealing"
            time="0.001">
    </testcase>
    <testcase classname="Shopping list service Get dates from now to x"
              name="Shopping list service Get dates from now to x" time="0.003">
    </testcase>
  </testsuite>
  <testsuite name="Ingredient type service" errors="0" failures="0" skipped="0" timestamp="2020-07-10T13:51:43"
             time="2.057" tests="7">
    <testcase classname="Ingredient type service should filled with ingredients"
              name="Ingredient type service should filled with ingredients" time="0.005">
    </testcase>
    <testcase classname="Ingredient type service should count type references"
              name="Ingredient type service should count type references" time="0.003">
    </testcase>
    <testcase classname="Ingredient type service should delete ingredient dependents if forced"
              name="Ingredient type service should delete ingredient dependents if forced" time="0.068">
    </testcase>
    <testcase classname="Ingredient type service should delete ingredientType"
              name="Ingredient type service should delete ingredientType" time="0.002">
    </testcase>
    <testcase
            classname="Ingredient type service should not delete ingredientType if there is references but no descendent with same base type"
            name="Ingredient type service should not delete ingredientType if there is references but no descendent with same base type"
            time="0.001">
    </testcase>
    <testcase classname="Ingredient type service should replace dependents if there is descendent"
              name="Ingredient type service should replace dependents if there is descendent" time="0.009">
    </testcase>
    <testcase classname="Ingredient type service should throw error not same type ingredients"
              name="Ingredient type service should throw error not same type ingredients" time="0.002">
    </testcase>
  </testsuite>
  <testsuite name="Ingredient type service" errors="0" failures="0" skipped="0" timestamp="2020-07-10T13:51:25"
             time="20.409" tests="7">
    <testcase classname="Ingredient type service should filled with ingredients"
              name="Ingredient type service should filled with ingredients" time="0.005">
    </testcase>
    <testcase classname="Ingredient type service should count type references"
              name="Ingredient type service should count type references" time="0.003">
    </testcase>
    <testcase classname="Ingredient type service should delete ingredient dependents if forced"
              name="Ingredient type service should delete ingredient dependents if forced" time="0.044">
    </testcase>
    <testcase classname="Ingredient type service should delete ingredientType"
              name="Ingredient type service should delete ingredientType" time="0.002">
    </testcase>
    <testcase
            classname="Ingredient type service should not delete ingredientType if there is references but no descendent with same base type"
            name="Ingredient type service should not delete ingredientType if there is references but no descendent with same base type"
            time="0.001">
    </testcase>
    <testcase classname="Ingredient type service should replace dependents if there is descendent"
              name="Ingredient type service should replace dependents if there is descendent" time="0.006">
    </testcase>
    <testcase classname="Ingredient type service should throw error not same type ingredients"
              name="Ingredient type service should throw error not same type ingredients" time="0.048">
    </testcase>
  </testsuite>
  <testsuite name="Unit service" errors="0" failures="0" skipped="0" timestamp="2020-07-10T13:51:44" time="2.309"
             tests="5">
    <testcase classname="Unit service should return units" name="Unit service should return units" time="0.008">
    </testcase>
    <testcase classname="Unit service should return empty if no bad units"
              name="Unit service should return empty if no bad units" time="0.005">
    </testcase>
    <testcase classname="Unit service should return empty if no bad units"
              name="Unit service should return empty if no bad units" time="0.003">
    </testcase>
    <testcase classname="Unit service should return count bad units" name="Unit service should return count bad units"
              time="0.002">
    </testcase>
    <testcase classname="Unit service FixBadUnit() should call save functions with good parameters"
              name="Unit service FixBadUnit() should call save functions with good parameters" time="0.033">
    </testcase>
  </testsuite>
  <testsuite name="Shopping list service" errors="0" failures="0" skipped="0" timestamp="2020-07-10T13:51:46"
             time="1.34" tests="3">
    <testcase classname="Shopping list service final mealings to ingredient list Simple add ingredients"
              name="Shopping list service final mealings to ingredient list Simple add ingredients" time="0.008">
    </testcase>
    <testcase
            classname="Shopping list service final mealings to ingredient list Scale ingredients from recipe food to mealing"
            name="Shopping list service final mealings to ingredient list Scale ingredients from recipe food to mealing"
            time="0.002">
    </testcase>
    <testcase classname="Shopping list service Get dates from now to x"
              name="Shopping list service Get dates from now to x" time="0.001">
    </testcase>
  </testsuite>
  <testsuite name="Ingredient utility" errors="0" failures="0" skipped="0" timestamp="2020-07-10T13:51:46" time="0.763"
             tests="9">
    <testcase classname="Ingredient utility adding, merging tests Merge ingredient lists"
              name="Ingredient utility adding, merging tests Merge ingredient lists" time="0.006">
    </testcase>
    <testcase classname="Ingredient utility adding, merging tests Merge list in its self"
              name="Ingredient utility adding, merging tests Merge list in its self" time="0.001">
    </testcase>
    <testcase classname="Ingredient utility adding, merging tests Add same ingredients"
              name="Ingredient utility adding, merging tests Add same ingredients" time="0.001">
    </testcase>
    <testcase classname="Ingredient utility adding, merging tests Add different unit ingredients (1)"
              name="Ingredient utility adding, merging tests Add different unit ingredients (1)" time="0">
    </testcase>
    <testcase classname="Ingredient utility adding, merging tests Add different unit ingredients (2)"
              name="Ingredient utility adding, merging tests Add different unit ingredients (2)" time="0.001">
    </testcase>
    <testcase classname="Ingredient utility subtract tests Subtract two ingredients same type"
              name="Ingredient utility subtract tests Subtract two ingredients same type" time="0.001">
    </testcase>
    <testcase classname="Ingredient utility subtract tests Subtract two ingredients different type"
              name="Ingredient utility subtract tests Subtract two ingredients different type" time="0">
    </testcase>
    <testcase classname="Ingredient utility subtract tests Subtract two ingredients min 0"
              name="Ingredient utility subtract tests Subtract two ingredients min 0" time="0">
    </testcase>
    <testcase classname="Ingredient utility subtract tests Subtract non repeating lists"
              name="Ingredient utility subtract tests Subtract non repeating lists" time="0.001">
    </testcase>
  </testsuite>
  <testsuite name="Metrics service" errors="0" failures="0" skipped="0" timestamp="2020-07-10T13:51:46" time="1.447"
             tests="3">
    <testcase classname="Metrics service Merge metrics data should keep old data if no overriding data"
              name="Metrics service Merge metrics data should keep old data if no overriding data" time="0.006">
    </testcase>
    <testcase classname="Metrics service Merge metrics data should not merge undefined, to override truthy value"
              name="Metrics service Merge metrics data should not merge undefined, to override truthy value" time="0">
    </testcase>
    <testcase classname="Metrics service Merge metrics data should add 0"
              name="Metrics service Merge metrics data should add 0" time="0">
    </testcase>
  </testsuite>
  <testsuite name="Date to string" errors="0" failures="0" skipped="0" timestamp="2020-07-10T13:51:47" time="0.562"
             tests="3">
    <testcase classname="Date to string Date to yyyy-mm-dd string" name="Date to string Date to yyyy-mm-dd string"
              time="0.003">
    </testcase>
    <testcase classname="Date to string Date to yyyy-mm-dd_hh-mm string"
              name="Date to string Date to yyyy-mm-dd_hh-mm string" time="0">
    </testcase>
    <testcase classname="Date to string Date to yyyy-mm-dd_hh-mm string"
              name="Date to string Date to yyyy-mm-dd_hh-mm string" time="0.001">
    </testcase>
  </testsuite>
  <testsuite name="Date to string" errors="0" failures="0" skipped="0" timestamp="2020-07-10T13:51:47" time="0.445"
             tests="1">
    <testcase classname="Date to string Date to yyyy-mm-dd string" name="Date to string Date to yyyy-mm-dd string"
              time="0.004">
    </testcase>
  </testsuite>
  <testsuite name="Ingredient utility" errors="0" failures="0" skipped="0" timestamp="2020-07-10T13:51:47" time="0.525"
             tests="9">
    <testcase classname="Ingredient utility adding, merging tests Merge ingredient lists"
              name="Ingredient utility adding, merging tests Merge ingredient lists" time="0.006">
    </testcase>
    <testcase classname="Ingredient utility adding, merging tests Merge list in its self"
              name="Ingredient utility adding, merging tests Merge list in its self" time="0.003">
    </testcase>
    <testcase classname="Ingredient utility adding, merging tests Add same ingredients"
              name="Ingredient utility adding, merging tests Add same ingredients" time="0.001">
    </testcase>
    <testcase classname="Ingredient utility adding, merging tests Add different unit ingredients (1)"
              name="Ingredient utility adding, merging tests Add different unit ingredients (1)" time="0.001">
    </testcase>
    <testcase classname="Ingredient utility adding, merging tests Add different unit ingredients (2)"
              name="Ingredient utility adding, merging tests Add different unit ingredients (2)" time="0">
    </testcase>
    <testcase classname="Ingredient utility subtract tests Subtract two ingredients same type"
              name="Ingredient utility subtract tests Subtract two ingredients same type" time="0.001">
    </testcase>
    <testcase classname="Ingredient utility subtract tests Subtract two ingredients different type"
              name="Ingredient utility subtract tests Subtract two ingredients different type" time="0">
    </testcase>
    <testcase classname="Ingredient utility subtract tests Subtract two ingredients min 0"
              name="Ingredient utility subtract tests Subtract two ingredients min 0" time="0">
    </testcase>
    <testcase classname="Ingredient utility subtract tests Subtract non repeating lists"
              name="Ingredient utility subtract tests Subtract non repeating lists" time="0.001">
    </testcase>
  </testsuite>
  <testsuite name="Ingredient utility" errors="0" failures="0" skipped="0" timestamp="2020-07-10T13:51:48" time="0.478"
             tests="9">
    <testcase classname="Ingredient utility adding, merging tests Merge ingredient lists"
              name="Ingredient utility adding, merging tests Merge ingredient lists" time="0.017">
    </testcase>
    <testcase classname="Ingredient utility adding, merging tests Merge list in its self"
              name="Ingredient utility adding, merging tests Merge list in its self" time="0.001">
    </testcase>
    <testcase classname="Ingredient utility adding, merging tests Add same ingredients"
              name="Ingredient utility adding, merging tests Add same ingredients" time="0.001">
    </testcase>
    <testcase classname="Ingredient utility adding, merging tests Add different unit ingredients (1)"
              name="Ingredient utility adding, merging tests Add different unit ingredients (1)" time="0">
    </testcase>
    <testcase classname="Ingredient utility adding, merging tests Add different unit ingredients (2)"
              name="Ingredient utility adding, merging tests Add different unit ingredients (2)" time="0.001">
    </testcase>
    <testcase classname="Ingredient utility subtract tests Subtract two ingredients same type"
              name="Ingredient utility subtract tests Subtract two ingredients same type" time="0.001">
    </testcase>
    <testcase classname="Ingredient utility subtract tests Subtract two ingredients different type"
              name="Ingredient utility subtract tests Subtract two ingredients different type" time="0">
    </testcase>
    <testcase classname="Ingredient utility subtract tests Subtract two ingredients min 0"
              name="Ingredient utility subtract tests Subtract two ingredients min 0" time="0.001">
    </testcase>
    <testcase classname="Ingredient utility subtract tests Subtract non repeating lists"
              name="Ingredient utility subtract tests Subtract non repeating lists" time="0.001">
    </testcase>
  </testsuite>
  <testsuite name="String to date" errors="0" failures="0" skipped="0" timestamp="2020-07-10T13:51:48" time="0.473"
             tests="1">
    <testcase classname="String to date Parse yyyy-mm-dd to Date" name="String to date Parse yyyy-mm-dd to Date"
              time="0.003">
    </testcase>
  </testsuite>
  <testsuite name="String to date" errors="0" failures="0" skipped="0" timestamp="2020-07-10T13:51:48" time="0.516"
             tests="2">
    <testcase classname="String to date Parse yyyy-mm-dd to Date" name="String to date Parse yyyy-mm-dd to Date"
              time="0.003">
    </testcase>
    <testcase classname="String to date string to title case" name="String to date string to title case" time="0.002">
    </testcase>
  </testsuite>
  <testsuite name="String to date" errors="0" failures="0" skipped="0" timestamp="2020-07-10T13:51:48" time="0.528"
             tests="1">
    <testcase classname="String to date Parse yyyy-mm-dd to Date" name="String to date Parse yyyy-mm-dd to Date"
              time="0.004">
    </testcase>
  </testsuite>
  <testsuite name="Date to string" errors="0" failures="0" skipped="0" timestamp="2020-07-10T13:51:48" time="0.556"
             tests="1">
    <testcase classname="Date to string Date to yyyy-mm-dd string" name="Date to string Date to yyyy-mm-dd string"
              time="0.003">
    </testcase>
  </testsuite>
</testsuites>
